<?xml version="1.0" encoding="UTF-8"?>
<!-- Generated by org.testng.reporters.JUnitReportReporter -->
<testsuite hostname="DESKTOP-QFPEJP1" failures="0" tests="1" name="Com.Test.Test_tc_001" time="12.812" errors="0" timestamp="2022-08-23T22:31:07 IST" skipped="0">
  <testcase classname="Com.Test.Test_tc_001" name="verify_validCedential" time="12.812"/>
  <system-out/>
</testsuite> <!-- Com.Test.Test_tc_001 -->
